<?xml version="1.0" encoding="UTF-8"?>
<testng-results skipped="0" failed="0" ignored="0" total="1" passed="1">
  <reporter-output>
  </reporter-output>
  <suite name="Default suite" duration-ms="12376" started-at="2021-02-13T20:29:14Z" finished-at="2021-02-13T20:29:26Z">
    <groups>
    </groups>
    <test name="Default test" duration-ms="12376" started-at="2021-02-13T20:29:14Z" finished-at="2021-02-13T20:29:26Z">
      <class name="testCases.LoginPageTest">
        <test-method status="PASS" signature="setUp()[pri:0, instance:testCases.LoginPageTest@780cb77]" name="setUp" is-config="true" duration-ms="3811" started-at="2021-02-13T20:29:14Z" finished-at="2021-02-13T20:29:18Z">
          <reporter-output>
          </reporter-output>
        </test-method> <!-- setUp -->
        <test-method status="PASS" signature="loginTest()[pri:1, instance:testCases.LoginPageTest@780cb77]" name="loginTest" duration-ms="7371" started-at="2021-02-13T20:29:18Z" finished-at="2021-02-13T20:29:25Z">
          <reporter-output>
          </reporter-output>
        </test-method> <!-- loginTest -->
        <test-method status="PASS" signature="tearDown()[pri:0, instance:testCases.LoginPageTest@780cb77]" name="tearDown" is-config="true" duration-ms="1163" started-at="2021-02-13T20:29:25Z" finished-at="2021-02-13T20:29:26Z">
          <reporter-output>
          </reporter-output>
        </test-method> <!-- tearDown -->
      </class> <!-- testCases.LoginPageTest -->
    </test> <!-- Default test -->
  </suite> <!-- Default suite -->
</testng-results>
